[2023-05-09 16:19:43] production.ERROR: PDOException: could not find driver in /home/ubuntu/fleetmastr/vendor/laravel/framework/src/Illuminate/Database/Connectors/Connector.php:55
Stack trace:
#0 /home/ubuntu/fleetmastr/vendor/laravel/framework/src/Illuminate/Database/Connectors/Connector.php(55): PDO->__construct()
#1 /home/ubuntu/fleetmastr/vendor/laravel/framework/src/Illuminate/Database/Connectors/MySqlConnector.php(22): Illuminate\Database\Connectors\Connector->createConnection()
#2 /home/ubuntu/fleetmastr/vendor/laravel/framework/src/Illuminate/Database/Connectors/ConnectionFactory.php(60): Illuminate\Database\Connectors\MySqlConnector->connect()
#3 /home/ubuntu/fleetmastr/vendor/laravel/framework/src/Illuminate/Database/Connectors/ConnectionFactory.php(49): Illuminate\Database\Connectors\ConnectionFactory->createSingleConnection()
#4 /home/ubuntu/fleetmastr/vendor/laravel/framework/src/Illuminate/Database/DatabaseManager.php(175): Illuminate\Database\Connectors\ConnectionFactory->make()
#5 /home/ubuntu/fleetmastr/vendor/laravel/framework/src/Illuminate/Database/DatabaseManager.php(67): Illuminate\Database\DatabaseManager->makeConnection()
#6 /home/ubuntu/fleetmastr/vendor/laravel/framework/src/Illuminate/Database/Eloquent/Model.php(3286): Illuminate\Database\DatabaseManager->connection()
#7 /home/ubuntu/fleetmastr/vendor/laravel/framework/src/Illuminate/Database/Eloquent/Model.php(3252): Illuminate\Database\Eloquent\Model::resolveConnection()
#8 /home/ubuntu/fleetmastr/vendor/laravel/framework/src/Illuminate/Database/Eloquent/Model.php(1932): Illuminate\Database\Eloquent\Model->getConnection()
#9 /home/ubuntu/fleetmastr/vendor/laravel/framework/src/Illuminate/Database/Eloquent/Model.php(1875): Illuminate\Database\Eloquent\Model->newBaseQueryBuilder()
#10 /home/ubuntu/fleetmastr/vendor/laravel/framework/src/Illuminate/Database/Eloquent/Model.php(1849): Illuminate\Database\Eloquent\Model->newQueryWithoutScopes()
#11 /home/ubuntu/fleetmastr/vendor/laravel/framework/src/Illuminate/Database/Eloquent/Model.php(736): Illuminate\Database\Eloquent\Model->newQuery()
#12 /home/ubuntu/fleetmastr/app/Providers/AuthServiceProvider.php(49): Illuminate\Database\Eloquent\Model::with()
#13 /home/ubuntu/fleetmastr/app/Providers/AuthServiceProvider.php(36): App\Providers\AuthServiceProvider->getPermissions()
#14 [internal function]: App\Providers\AuthServiceProvider->boot()
#15 /home/ubuntu/fleetmastr/vendor/laravel/framework/src/Illuminate/Container/Container.php(507): call_user_func_array()
#16 /home/ubuntu/fleetmastr/vendor/laravel/framework/src/Illuminate/Foundation/Application.php(734): Illuminate\Container\Container->call()
#17 /home/ubuntu/fleetmastr/vendor/laravel/framework/src/Illuminate/Foundation/Application.php(717): Illuminate\Foundation\Application->bootProvider()
#18 [internal function]: Illuminate\Foundation\Application->Illuminate\Foundation\{closure}()
#19 /home/ubuntu/fleetmastr/vendor/laravel/framework/src/Illuminate/Foundation/Application.php(718): array_walk()
#20 /home/ubuntu/fleetmastr/vendor/laravel/framework/src/Illuminate/Foundation/Bootstrap/BootProviders.php(17): Illuminate\Foundation\Application->boot()
#21 /home/ubuntu/fleetmastr/vendor/laravel/framework/src/Illuminate/Foundation/Application.php(203): Illuminate\Foundation\Bootstrap\BootProviders->bootstrap()
#22 /home/ubuntu/fleetmastr/vendor/laravel/framework/src/Illuminate/Foundation/Console/Kernel.php(208): Illuminate\Foundation\Application->bootstrapWith()
#23 /home/ubuntu/fleetmastr/vendor/laravel/framework/src/Illuminate/Foundation/Console/Kernel.php(105): Illuminate\Foundation\Console\Kernel->bootstrap()
#24 /home/ubuntu/fleetmastr/artisan(35): Illuminate\Foundation\Console\Kernel->handle()
#25 {main}  
[2023-05-09 16:40:07] production.ERROR: PDOException: could not find driver in /home/ubuntu/fleetmastr/vendor/laravel/framework/src/Illuminate/Database/Connectors/Connector.php:55
Stack trace:
#0 /home/ubuntu/fleetmastr/vendor/laravel/framework/src/Illuminate/Database/Connectors/Connector.php(55): PDO->__construct()
#1 /home/ubuntu/fleetmastr/vendor/laravel/framework/src/Illuminate/Database/Connectors/MySqlConnector.php(22): Illuminate\Database\Connectors\Connector->createConnection()
#2 /home/ubuntu/fleetmastr/vendor/laravel/framework/src/Illuminate/Database/Connectors/ConnectionFactory.php(60): Illuminate\Database\Connectors\MySqlConnector->connect()
#3 /home/ubuntu/fleetmastr/vendor/laravel/framework/src/Illuminate/Database/Connectors/ConnectionFactory.php(49): Illuminate\Database\Connectors\ConnectionFactory->createSingleConnection()
#4 /home/ubuntu/fleetmastr/vendor/laravel/framework/src/Illuminate/Database/DatabaseManager.php(175): Illuminate\Database\Connectors\ConnectionFactory->make()
#5 /home/ubuntu/fleetmastr/vendor/laravel/framework/src/Illuminate/Database/DatabaseManager.php(67): Illuminate\Database\DatabaseManager->makeConnection()
#6 /home/ubuntu/fleetmastr/vendor/laravel/framework/src/Illuminate/Database/Eloquent/Model.php(3286): Illuminate\Database\DatabaseManager->connection()
#7 /home/ubuntu/fleetmastr/vendor/laravel/framework/src/Illuminate/Database/Eloquent/Model.php(3252): Illuminate\Database\Eloquent\Model::resolveConnection()
#8 /home/ubuntu/fleetmastr/vendor/laravel/framework/src/Illuminate/Database/Eloquent/Model.php(1932): Illuminate\Database\Eloquent\Model->getConnection()
#9 /home/ubuntu/fleetmastr/vendor/laravel/framework/src/Illuminate/Database/Eloquent/Model.php(1875): Illuminate\Database\Eloquent\Model->newBaseQueryBuilder()
#10 /home/ubuntu/fleetmastr/vendor/laravel/framework/src/Illuminate/Database/Eloquent/Model.php(1849): Illuminate\Database\Eloquent\Model->newQueryWithoutScopes()
#11 /home/ubuntu/fleetmastr/vendor/laravel/framework/src/Illuminate/Database/Eloquent/Model.php(736): Illuminate\Database\Eloquent\Model->newQuery()
#12 /home/ubuntu/fleetmastr/app/Providers/AuthServiceProvider.php(49): Illuminate\Database\Eloquent\Model::with()
#13 /home/ubuntu/fleetmastr/app/Providers/AuthServiceProvider.php(36): App\Providers\AuthServiceProvider->getPermissions()
#14 [internal function]: App\Providers\AuthServiceProvider->boot()
#15 /home/ubuntu/fleetmastr/vendor/laravel/framework/src/Illuminate/Container/Container.php(507): call_user_func_array()
#16 /home/ubuntu/fleetmastr/vendor/laravel/framework/src/Illuminate/Foundation/Application.php(734): Illuminate\Container\Container->call()
#17 /home/ubuntu/fleetmastr/vendor/laravel/framework/src/Illuminate/Foundation/Application.php(717): Illuminate\Foundation\Application->bootProvider()
#18 [internal function]: Illuminate\Foundation\Application->Illuminate\Foundation\{closure}()
#19 /home/ubuntu/fleetmastr/vendor/laravel/framework/src/Illuminate/Foundation/Application.php(718): array_walk()
#20 /home/ubuntu/fleetmastr/vendor/laravel/framework/src/Illuminate/Foundation/Bootstrap/BootProviders.php(17): Illuminate\Foundation\Application->boot()
#21 /home/ubuntu/fleetmastr/vendor/laravel/framework/src/Illuminate/Foundation/Application.php(203): Illuminate\Foundation\Bootstrap\BootProviders->bootstrap()
#22 /home/ubuntu/fleetmastr/vendor/laravel/framework/src/Illuminate/Foundation/Console/Kernel.php(208): Illuminate\Foundation\Application->bootstrapWith()
#23 /home/ubuntu/fleetmastr/vendor/laravel/framework/src/Illuminate/Foundation/Console/Kernel.php(105): Illuminate\Foundation\Console\Kernel->bootstrap()
#24 /home/ubuntu/fleetmastr/artisan(35): Illuminate\Foundation\Console\Kernel->handle()
#25 {main}  
